[2020-08-24 02:46:22] local.ERROR: ReflectionException: Class Tymon\JWTAuth\JWTAuth does not exist in /Users/mac/Documents/Code/PHP/dingo/vendor/illuminate/container/Container.php:788
Stack trace:
#0 /Users/mac/Documents/Code/PHP/dingo/vendor/illuminate/container/Container.php(788): ReflectionClass->__construct('Tymon\\JWTAuth\\J...')
#1 /Users/mac/Documents/Code/PHP/dingo/vendor/illuminate/container/Container.php(667): Illuminate\Container\Container->build('Tymon\\JWTAuth\\J...')
#2 /Users/mac/Documents/Code/PHP/dingo/vendor/illuminate/container/Container.php(615): Illuminate\Container\Container->resolve('Tymon\\JWTAuth\\J...', Array)
#3 /Users/mac/Documents/Code/PHP/dingo/vendor/laravel/lumen-framework/src/Application.php(267): Illuminate\Container\Container->make('Tymon\\JWTAuth\\J...', Array)
#4 /Users/mac/Documents/Code/PHP/dingo/vendor/illuminate/container/Container.php(1227): Laravel\Lumen\Application->make('Tymon\\JWTAuth\\J...')
#5 /Users/mac/Documents/Code/PHP/dingo/bootstrap/app.php(110): Illuminate\Container\Container->offsetGet('Tymon\\JWTAuth\\J...')
#6 [internal function]: {closure}(Object(Laravel\Lumen\Application))
#7 /Users/mac/Documents/Code/PHP/dingo/vendor/dingo/api/src/Auth/Auth.php(216): call_user_func(Object(Closure), Object(Laravel\Lumen\Application))
#8 /Users/mac/Documents/Code/PHP/dingo/bootstrap/app.php(111): Dingo\Api\Auth\Auth->extend('oauth', Object(Closure))
#9 /Users/mac/Documents/Code/PHP/dingo/public/index.php(14): require('/Users/mac/Docu...')
#10 {main} {"exception":"[object] (ReflectionException(code: -1): Class Tymon\\JWTAuth\\JWTAuth does not exist at /Users/mac/Documents/Code/PHP/dingo/vendor/illuminate/container/Container.php:788)
[stacktrace]
#0 /Users/mac/Documents/Code/PHP/dingo/vendor/illuminate/container/Container.php(788): ReflectionClass->__construct('Tymon\\\\JWTAuth\\\\J...')
#1 /Users/mac/Documents/Code/PHP/dingo/vendor/illuminate/container/Container.php(667): Illuminate\\Container\\Container->build('Tymon\\\\JWTAuth\\\\J...')
#2 /Users/mac/Documents/Code/PHP/dingo/vendor/illuminate/container/Container.php(615): Illuminate\\Container\\Container->resolve('Tymon\\\\JWTAuth\\\\J...', Array)
#3 /Users/mac/Documents/Code/PHP/dingo/vendor/laravel/lumen-framework/src/Application.php(267): Illuminate\\Container\\Container->make('Tymon\\\\JWTAuth\\\\J...', Array)
#4 /Users/mac/Documents/Code/PHP/dingo/vendor/illuminate/container/Container.php(1227): Laravel\\Lumen\\Application->make('Tymon\\\\JWTAuth\\\\J...')
#5 /Users/mac/Documents/Code/PHP/dingo/bootstrap/app.php(110): Illuminate\\Container\\Container->offsetGet('Tymon\\\\JWTAuth\\\\J...')
#6 [internal function]: {closure}(Object(Laravel\\Lumen\\Application))
#7 /Users/mac/Documents/Code/PHP/dingo/vendor/dingo/api/src/Auth/Auth.php(216): call_user_func(Object(Closure), Object(Laravel\\Lumen\\Application))
#8 /Users/mac/Documents/Code/PHP/dingo/bootstrap/app.php(111): Dingo\\Api\\Auth\\Auth->extend('oauth', Object(Closure))
#9 /Users/mac/Documents/Code/PHP/dingo/public/index.php(14): require('/Users/mac/Docu...')
#10 {main}
"} 
[2020-08-24 02:47:13] local.ERROR: ReflectionException: Class Tymon\JWTAuth\JWTAuth does not exist in /Users/mac/Documents/Code/PHP/dingo/vendor/illuminate/container/Container.php:788
Stack trace:
#0 /Users/mac/Documents/Code/PHP/dingo/vendor/illuminate/container/Container.php(788): ReflectionClass->__construct('Tymon\\JWTAuth\\J...')
#1 /Users/mac/Documents/Code/PHP/dingo/vendor/illuminate/container/Container.php(667): Illuminate\Container\Container->build('Tymon\\JWTAuth\\J...')
#2 /Users/mac/Documents/Code/PHP/dingo/vendor/illuminate/container/Container.php(615): Illuminate\Container\Container->resolve('Tymon\\JWTAuth\\J...', Array)
#3 /Users/mac/Documents/Code/PHP/dingo/vendor/laravel/lumen-framework/src/Application.php(267): Illuminate\Container\Container->make('Tymon\\JWTAuth\\J...', Array)
#4 /Users/mac/Documents/Code/PHP/dingo/vendor/illuminate/container/Container.php(1227): Laravel\Lumen\Application->make('Tymon\\JWTAuth\\J...')
#5 /Users/mac/Documents/Code/PHP/dingo/bootstrap/app.php(110): Illuminate\Container\Container->offsetGet('Tymon\\JWTAuth\\J...')
#6 [internal function]: {closure}(Object(Laravel\Lumen\Application))
#7 /Users/mac/Documents/Code/PHP/dingo/vendor/dingo/api/src/Auth/Auth.php(216): call_user_func(Object(Closure), Object(Laravel\Lumen\Application))
#8 /Users/mac/Documents/Code/PHP/dingo/bootstrap/app.php(111): Dingo\Api\Auth\Auth->extend('oauth', Object(Closure))
#9 /Users/mac/Documents/Code/PHP/dingo/public/index.php(14): require('/Users/mac/Docu...')
#10 {main} {"exception":"[object] (ReflectionException(code: -1): Class Tymon\\JWTAuth\\JWTAuth does not exist at /Users/mac/Documents/Code/PHP/dingo/vendor/illuminate/container/Container.php:788)
[stacktrace]
#0 /Users/mac/Documents/Code/PHP/dingo/vendor/illuminate/container/Container.php(788): ReflectionClass->__construct('Tymon\\\\JWTAuth\\\\J...')
#1 /Users/mac/Documents/Code/PHP/dingo/vendor/illuminate/container/Container.php(667): Illuminate\\Container\\Container->build('Tymon\\\\JWTAuth\\\\J...')
#2 /Users/mac/Documents/Code/PHP/dingo/vendor/illuminate/container/Container.php(615): Illuminate\\Container\\Container->resolve('Tymon\\\\JWTAuth\\\\J...', Array)
#3 /Users/mac/Documents/Code/PHP/dingo/vendor/laravel/lumen-framework/src/Application.php(267): Illuminate\\Container\\Container->make('Tymon\\\\JWTAuth\\\\J...', Array)
#4 /Users/mac/Documents/Code/PHP/dingo/vendor/illuminate/container/Container.php(1227): Laravel\\Lumen\\Application->make('Tymon\\\\JWTAuth\\\\J...')
#5 /Users/mac/Documents/Code/PHP/dingo/bootstrap/app.php(110): Illuminate\\Container\\Container->offsetGet('Tymon\\\\JWTAuth\\\\J...')
#6 [internal function]: {closure}(Object(Laravel\\Lumen\\Application))
#7 /Users/mac/Documents/Code/PHP/dingo/vendor/dingo/api/src/Auth/Auth.php(216): call_user_func(Object(Closure), Object(Laravel\\Lumen\\Application))
#8 /Users/mac/Documents/Code/PHP/dingo/bootstrap/app.php(111): Dingo\\Api\\Auth\\Auth->extend('oauth', Object(Closure))
#9 /Users/mac/Documents/Code/PHP/dingo/public/index.php(14): require('/Users/mac/Docu...')
#10 {main}
"} 
[2020-08-24 02:47:14] local.ERROR: ReflectionException: Class Tymon\JWTAuth\JWTAuth does not exist in /Users/mac/Documents/Code/PHP/dingo/vendor/illuminate/container/Container.php:788
Stack trace:
#0 /Users/mac/Documents/Code/PHP/dingo/vendor/illuminate/container/Container.php(788): ReflectionClass->__construct('Tymon\\JWTAuth\\J...')
#1 /Users/mac/Documents/Code/PHP/dingo/vendor/illuminate/container/Container.php(667): Illuminate\Container\Container->build('Tymon\\JWTAuth\\J...')
#2 /Users/mac/Documents/Code/PHP/dingo/vendor/illuminate/container/Container.php(615): Illuminate\Container\Container->resolve('Tymon\\JWTAuth\\J...', Array)
#3 /Users/mac/Documents/Code/PHP/dingo/vendor/laravel/lumen-framework/src/Application.php(267): Illuminate\Container\Container->make('Tymon\\JWTAuth\\J...', Array)
#4 /Users/mac/Documents/Code/PHP/dingo/vendor/illuminate/container/Container.php(1227): Laravel\Lumen\Application->make('Tymon\\JWTAuth\\J...')
#5 /Users/mac/Documents/Code/PHP/dingo/bootstrap/app.php(110): Illuminate\Container\Container->offsetGet('Tymon\\JWTAuth\\J...')
#6 [internal function]: {closure}(Object(Laravel\Lumen\Application))
#7 /Users/mac/Documents/Code/PHP/dingo/vendor/dingo/api/src/Auth/Auth.php(216): call_user_func(Object(Closure), Object(Laravel\Lumen\Application))
#8 /Users/mac/Documents/Code/PHP/dingo/bootstrap/app.php(111): Dingo\Api\Auth\Auth->extend('oauth', Object(Closure))
#9 /Users/mac/Documents/Code/PHP/dingo/public/index.php(14): require('/Users/mac/Docu...')
#10 {main} {"exception":"[object] (ReflectionException(code: -1): Class Tymon\\JWTAuth\\JWTAuth does not exist at /Users/mac/Documents/Code/PHP/dingo/vendor/illuminate/container/Container.php:788)
[stacktrace]
#0 /Users/mac/Documents/Code/PHP/dingo/vendor/illuminate/container/Container.php(788): ReflectionClass->__construct('Tymon\\\\JWTAuth\\\\J...')
#1 /Users/mac/Documents/Code/PHP/dingo/vendor/illuminate/container/Container.php(667): Illuminate\\Container\\Container->build('Tymon\\\\JWTAuth\\\\J...')
#2 /Users/mac/Documents/Code/PHP/dingo/vendor/illuminate/container/Container.php(615): Illuminate\\Container\\Container->resolve('Tymon\\\\JWTAuth\\\\J...', Array)
#3 /Users/mac/Documents/Code/PHP/dingo/vendor/laravel/lumen-framework/src/Application.php(267): Illuminate\\Container\\Container->make('Tymon\\\\JWTAuth\\\\J...', Array)
#4 /Users/mac/Documents/Code/PHP/dingo/vendor/illuminate/container/Container.php(1227): Laravel\\Lumen\\Application->make('Tymon\\\\JWTAuth\\\\J...')
#5 /Users/mac/Documents/Code/PHP/dingo/bootstrap/app.php(110): Illuminate\\Container\\Container->offsetGet('Tymon\\\\JWTAuth\\\\J...')
#6 [internal function]: {closure}(Object(Laravel\\Lumen\\Application))
#7 /Users/mac/Documents/Code/PHP/dingo/vendor/dingo/api/src/Auth/Auth.php(216): call_user_func(Object(Closure), Object(Laravel\\Lumen\\Application))
#8 /Users/mac/Documents/Code/PHP/dingo/bootstrap/app.php(111): Dingo\\Api\\Auth\\Auth->extend('oauth', Object(Closure))
#9 /Users/mac/Documents/Code/PHP/dingo/public/index.php(14): require('/Users/mac/Docu...')
#10 {main}
"} 
[2020-08-24 02:47:14] local.ERROR: ReflectionException: Class Tymon\JWTAuth\JWTAuth does not exist in /Users/mac/Documents/Code/PHP/dingo/vendor/illuminate/container/Container.php:788
Stack trace:
#0 /Users/mac/Documents/Code/PHP/dingo/vendor/illuminate/container/Container.php(788): ReflectionClass->__construct('Tymon\\JWTAuth\\J...')
#1 /Users/mac/Documents/Code/PHP/dingo/vendor/illuminate/container/Container.php(667): Illuminate\Container\Container->build('Tymon\\JWTAuth\\J...')
#2 /Users/mac/Documents/Code/PHP/dingo/vendor/illuminate/container/Container.php(615): Illuminate\Container\Container->resolve('Tymon\\JWTAuth\\J...', Array)
#3 /Users/mac/Documents/Code/PHP/dingo/vendor/laravel/lumen-framework/src/Application.php(267): Illuminate\Container\Container->make('Tymon\\JWTAuth\\J...', Array)
#4 /Users/mac/Documents/Code/PHP/dingo/vendor/illuminate/container/Container.php(1227): Laravel\Lumen\Application->make('Tymon\\JWTAuth\\J...')
#5 /Users/mac/Documents/Code/PHP/dingo/bootstrap/app.php(110): Illuminate\Container\Container->offsetGet('Tymon\\JWTAuth\\J...')
#6 [internal function]: {closure}(Object(Laravel\Lumen\Application))
#7 /Users/mac/Documents/Code/PHP/dingo/vendor/dingo/api/src/Auth/Auth.php(216): call_user_func(Object(Closure), Object(Laravel\Lumen\Application))
#8 /Users/mac/Documents/Code/PHP/dingo/bootstrap/app.php(111): Dingo\Api\Auth\Auth->extend('oauth', Object(Closure))
#9 /Users/mac/Documents/Code/PHP/dingo/public/index.php(14): require('/Users/mac/Docu...')
#10 {main} {"exception":"[object] (ReflectionException(code: -1): Class Tymon\\JWTAuth\\JWTAuth does not exist at /Users/mac/Documents/Code/PHP/dingo/vendor/illuminate/container/Container.php:788)
[stacktrace]
#0 /Users/mac/Documents/Code/PHP/dingo/vendor/illuminate/container/Container.php(788): ReflectionClass->__construct('Tymon\\\\JWTAuth\\\\J...')
#1 /Users/mac/Documents/Code/PHP/dingo/vendor/illuminate/container/Container.php(667): Illuminate\\Container\\Container->build('Tymon\\\\JWTAuth\\\\J...')
#2 /Users/mac/Documents/Code/PHP/dingo/vendor/illuminate/container/Container.php(615): Illuminate\\Container\\Container->resolve('Tymon\\\\JWTAuth\\\\J...', Array)
#3 /Users/mac/Documents/Code/PHP/dingo/vendor/laravel/lumen-framework/src/Application.php(267): Illuminate\\Container\\Container->make('Tymon\\\\JWTAuth\\\\J...', Array)
#4 /Users/mac/Documents/Code/PHP/dingo/vendor/illuminate/container/Container.php(1227): Laravel\\Lumen\\Application->make('Tymon\\\\JWTAuth\\\\J...')
#5 /Users/mac/Documents/Code/PHP/dingo/bootstrap/app.php(110): Illuminate\\Container\\Container->offsetGet('Tymon\\\\JWTAuth\\\\J...')
#6 [internal function]: {closure}(Object(Laravel\\Lumen\\Application))
#7 /Users/mac/Documents/Code/PHP/dingo/vendor/dingo/api/src/Auth/Auth.php(216): call_user_func(Object(Closure), Object(Laravel\\Lumen\\Application))
#8 /Users/mac/Documents/Code/PHP/dingo/bootstrap/app.php(111): Dingo\\Api\\Auth\\Auth->extend('oauth', Object(Closure))
#9 /Users/mac/Documents/Code/PHP/dingo/public/index.php(14): require('/Users/mac/Docu...')
#10 {main}
"} 
[2020-08-24 02:47:15] local.ERROR: ReflectionException: Class Tymon\JWTAuth\JWTAuth does not exist in /Users/mac/Documents/Code/PHP/dingo/vendor/illuminate/container/Container.php:788
Stack trace:
#0 /Users/mac/Documents/Code/PHP/dingo/vendor/illuminate/container/Container.php(788): ReflectionClass->__construct('Tymon\\JWTAuth\\J...')
#1 /Users/mac/Documents/Code/PHP/dingo/vendor/illuminate/container/Container.php(667): Illuminate\Container\Container->build('Tymon\\JWTAuth\\J...')
#2 /Users/mac/Documents/Code/PHP/dingo/vendor/illuminate/container/Container.php(615): Illuminate\Container\Container->resolve('Tymon\\JWTAuth\\J...', Array)
#3 /Users/mac/Documents/Code/PHP/dingo/vendor/laravel/lumen-framework/src/Application.php(267): Illuminate\Container\Container->make('Tymon\\JWTAuth\\J...', Array)
#4 /Users/mac/Documents/Code/PHP/dingo/vendor/illuminate/container/Container.php(1227): Laravel\Lumen\Application->make('Tymon\\JWTAuth\\J...')
#5 /Users/mac/Documents/Code/PHP/dingo/bootstrap/app.php(110): Illuminate\Container\Container->offsetGet('Tymon\\JWTAuth\\J...')
#6 [internal function]: {closure}(Object(Laravel\Lumen\Application))
#7 /Users/mac/Documents/Code/PHP/dingo/vendor/dingo/api/src/Auth/Auth.php(216): call_user_func(Object(Closure), Object(Laravel\Lumen\Application))
#8 /Users/mac/Documents/Code/PHP/dingo/bootstrap/app.php(111): Dingo\Api\Auth\Auth->extend('oauth', Object(Closure))
#9 /Users/mac/Documents/Code/PHP/dingo/public/index.php(14): require('/Users/mac/Docu...')
#10 {main} {"exception":"[object] (ReflectionException(code: -1): Class Tymon\\JWTAuth\\JWTAuth does not exist at /Users/mac/Documents/Code/PHP/dingo/vendor/illuminate/container/Container.php:788)
[stacktrace]
#0 /Users/mac/Documents/Code/PHP/dingo/vendor/illuminate/container/Container.php(788): ReflectionClass->__construct('Tymon\\\\JWTAuth\\\\J...')
#1 /Users/mac/Documents/Code/PHP/dingo/vendor/illuminate/container/Container.php(667): Illuminate\\Container\\Container->build('Tymon\\\\JWTAuth\\\\J...')
#2 /Users/mac/Documents/Code/PHP/dingo/vendor/illuminate/container/Container.php(615): Illuminate\\Container\\Container->resolve('Tymon\\\\JWTAuth\\\\J...', Array)
#3 /Users/mac/Documents/Code/PHP/dingo/vendor/laravel/lumen-framework/src/Application.php(267): Illuminate\\Container\\Container->make('Tymon\\\\JWTAuth\\\\J...', Array)
#4 /Users/mac/Documents/Code/PHP/dingo/vendor/illuminate/container/Container.php(1227): Laravel\\Lumen\\Application->make('Tymon\\\\JWTAuth\\\\J...')
#5 /Users/mac/Documents/Code/PHP/dingo/bootstrap/app.php(110): Illuminate\\Container\\Container->offsetGet('Tymon\\\\JWTAuth\\\\J...')
#6 [internal function]: {closure}(Object(Laravel\\Lumen\\Application))
#7 /Users/mac/Documents/Code/PHP/dingo/vendor/dingo/api/src/Auth/Auth.php(216): call_user_func(Object(Closure), Object(Laravel\\Lumen\\Application))
#8 /Users/mac/Documents/Code/PHP/dingo/bootstrap/app.php(111): Dingo\\Api\\Auth\\Auth->extend('oauth', Object(Closure))
#9 /Users/mac/Documents/Code/PHP/dingo/public/index.php(14): require('/Users/mac/Docu...')
#10 {main}
"} 
[2020-08-24 02:47:16] local.ERROR: ReflectionException: Class Tymon\JWTAuth\JWTAuth does not exist in /Users/mac/Documents/Code/PHP/dingo/vendor/illuminate/container/Container.php:788
Stack trace:
#0 /Users/mac/Documents/Code/PHP/dingo/vendor/illuminate/container/Container.php(788): ReflectionClass->__construct('Tymon\\JWTAuth\\J...')
#1 /Users/mac/Documents/Code/PHP/dingo/vendor/illuminate/container/Container.php(667): Illuminate\Container\Container->build('Tymon\\JWTAuth\\J...')
#2 /Users/mac/Documents/Code/PHP/dingo/vendor/illuminate/container/Container.php(615): Illuminate\Container\Container->resolve('Tymon\\JWTAuth\\J...', Array)
#3 /Users/mac/Documents/Code/PHP/dingo/vendor/laravel/lumen-framework/src/Application.php(267): Illuminate\Container\Container->make('Tymon\\JWTAuth\\J...', Array)
#4 /Users/mac/Documents/Code/PHP/dingo/vendor/illuminate/container/Container.php(1227): Laravel\Lumen\Application->make('Tymon\\JWTAuth\\J...')
#5 /Users/mac/Documents/Code/PHP/dingo/bootstrap/app.php(110): Illuminate\Container\Container->offsetGet('Tymon\\JWTAuth\\J...')
#6 [internal function]: {closure}(Object(Laravel\Lumen\Application))
#7 /Users/mac/Documents/Code/PHP/dingo/vendor/dingo/api/src/Auth/Auth.php(216): call_user_func(Object(Closure), Object(Laravel\Lumen\Application))
#8 /Users/mac/Documents/Code/PHP/dingo/bootstrap/app.php(111): Dingo\Api\Auth\Auth->extend('oauth', Object(Closure))
#9 /Users/mac/Documents/Code/PHP/dingo/public/index.php(14): require('/Users/mac/Docu...')
#10 {main} {"exception":"[object] (ReflectionException(code: -1): Class Tymon\\JWTAuth\\JWTAuth does not exist at /Users/mac/Documents/Code/PHP/dingo/vendor/illuminate/container/Container.php:788)
[stacktrace]
#0 /Users/mac/Documents/Code/PHP/dingo/vendor/illuminate/container/Container.php(788): ReflectionClass->__construct('Tymon\\\\JWTAuth\\\\J...')
#1 /Users/mac/Documents/Code/PHP/dingo/vendor/illuminate/container/Container.php(667): Illuminate\\Container\\Container->build('Tymon\\\\JWTAuth\\\\J...')
#2 /Users/mac/Documents/Code/PHP/dingo/vendor/illuminate/container/Container.php(615): Illuminate\\Container\\Container->resolve('Tymon\\\\JWTAuth\\\\J...', Array)
#3 /Users/mac/Documents/Code/PHP/dingo/vendor/laravel/lumen-framework/src/Application.php(267): Illuminate\\Container\\Container->make('Tymon\\\\JWTAuth\\\\J...', Array)
#4 /Users/mac/Documents/Code/PHP/dingo/vendor/illuminate/container/Container.php(1227): Laravel\\Lumen\\Application->make('Tymon\\\\JWTAuth\\\\J...')
#5 /Users/mac/Documents/Code/PHP/dingo/bootstrap/app.php(110): Illuminate\\Container\\Container->offsetGet('Tymon\\\\JWTAuth\\\\J...')
#6 [internal function]: {closure}(Object(Laravel\\Lumen\\Application))
#7 /Users/mac/Documents/Code/PHP/dingo/vendor/dingo/api/src/Auth/Auth.php(216): call_user_func(Object(Closure), Object(Laravel\\Lumen\\Application))
#8 /Users/mac/Documents/Code/PHP/dingo/bootstrap/app.php(111): Dingo\\Api\\Auth\\Auth->extend('oauth', Object(Closure))
#9 /Users/mac/Documents/Code/PHP/dingo/public/index.php(14): require('/Users/mac/Docu...')
#10 {main}
"} 
[2020-08-24 02:47:16] local.ERROR: ReflectionException: Class Tymon\JWTAuth\JWTAuth does not exist in /Users/mac/Documents/Code/PHP/dingo/vendor/illuminate/container/Container.php:788
Stack trace:
#0 /Users/mac/Documents/Code/PHP/dingo/vendor/illuminate/container/Container.php(788): ReflectionClass->__construct('Tymon\\JWTAuth\\J...')
#1 /Users/mac/Documents/Code/PHP/dingo/vendor/illuminate/container/Container.php(667): Illuminate\Container\Container->build('Tymon\\JWTAuth\\J...')
#2 /Users/mac/Documents/Code/PHP/dingo/vendor/illuminate/container/Container.php(615): Illuminate\Container\Container->resolve('Tymon\\JWTAuth\\J...', Array)
#3 /Users/mac/Documents/Code/PHP/dingo/vendor/laravel/lumen-framework/src/Application.php(267): Illuminate\Container\Container->make('Tymon\\JWTAuth\\J...', Array)
#4 /Users/mac/Documents/Code/PHP/dingo/vendor/illuminate/container/Container.php(1227): Laravel\Lumen\Application->make('Tymon\\JWTAuth\\J...')
#5 /Users/mac/Documents/Code/PHP/dingo/bootstrap/app.php(110): Illuminate\Container\Container->offsetGet('Tymon\\JWTAuth\\J...')
#6 [internal function]: {closure}(Object(Laravel\Lumen\Application))
#7 /Users/mac/Documents/Code/PHP/dingo/vendor/dingo/api/src/Auth/Auth.php(216): call_user_func(Object(Closure), Object(Laravel\Lumen\Application))
#8 /Users/mac/Documents/Code/PHP/dingo/bootstrap/app.php(111): Dingo\Api\Auth\Auth->extend('oauth', Object(Closure))
#9 /Users/mac/Documents/Code/PHP/dingo/public/index.php(14): require('/Users/mac/Docu...')
#10 {main} {"exception":"[object] (ReflectionException(code: -1): Class Tymon\\JWTAuth\\JWTAuth does not exist at /Users/mac/Documents/Code/PHP/dingo/vendor/illuminate/container/Container.php:788)
[stacktrace]
#0 /Users/mac/Documents/Code/PHP/dingo/vendor/illuminate/container/Container.php(788): ReflectionClass->__construct('Tymon\\\\JWTAuth\\\\J...')
#1 /Users/mac/Documents/Code/PHP/dingo/vendor/illuminate/container/Container.php(667): Illuminate\\Container\\Container->build('Tymon\\\\JWTAuth\\\\J...')
#2 /Users/mac/Documents/Code/PHP/dingo/vendor/illuminate/container/Container.php(615): Illuminate\\Container\\Container->resolve('Tymon\\\\JWTAuth\\\\J...', Array)
#3 /Users/mac/Documents/Code/PHP/dingo/vendor/laravel/lumen-framework/src/Application.php(267): Illuminate\\Container\\Container->make('Tymon\\\\JWTAuth\\\\J...', Array)
#4 /Users/mac/Documents/Code/PHP/dingo/vendor/illuminate/container/Container.php(1227): Laravel\\Lumen\\Application->make('Tymon\\\\JWTAuth\\\\J...')
#5 /Users/mac/Documents/Code/PHP/dingo/bootstrap/app.php(110): Illuminate\\Container\\Container->offsetGet('Tymon\\\\JWTAuth\\\\J...')
#6 [internal function]: {closure}(Object(Laravel\\Lumen\\Application))
#7 /Users/mac/Documents/Code/PHP/dingo/vendor/dingo/api/src/Auth/Auth.php(216): call_user_func(Object(Closure), Object(Laravel\\Lumen\\Application))
#8 /Users/mac/Documents/Code/PHP/dingo/bootstrap/app.php(111): Dingo\\Api\\Auth\\Auth->extend('oauth', Object(Closure))
#9 /Users/mac/Documents/Code/PHP/dingo/public/index.php(14): require('/Users/mac/Docu...')
#10 {main}
"} 
[2020-08-24 02:47:17] local.ERROR: ReflectionException: Class Tymon\JWTAuth\JWTAuth does not exist in /Users/mac/Documents/Code/PHP/dingo/vendor/illuminate/container/Container.php:788
Stack trace:
#0 /Users/mac/Documents/Code/PHP/dingo/vendor/illuminate/container/Container.php(788): ReflectionClass->__construct('Tymon\\JWTAuth\\J...')
#1 /Users/mac/Documents/Code/PHP/dingo/vendor/illuminate/container/Container.php(667): Illuminate\Container\Container->build('Tymon\\JWTAuth\\J...')
#2 /Users/mac/Documents/Code/PHP/dingo/vendor/illuminate/container/Container.php(615): Illuminate\Container\Container->resolve('Tymon\\JWTAuth\\J...', Array)
#3 /Users/mac/Documents/Code/PHP/dingo/vendor/laravel/lumen-framework/src/Application.php(267): Illuminate\Container\Container->make('Tymon\\JWTAuth\\J...', Array)
#4 /Users/mac/Documents/Code/PHP/dingo/vendor/illuminate/container/Container.php(1227): Laravel\Lumen\Application->make('Tymon\\JWTAuth\\J...')
#5 /Users/mac/Documents/Code/PHP/dingo/bootstrap/app.php(110): Illuminate\Container\Container->offsetGet('Tymon\\JWTAuth\\J...')
#6 [internal function]: {closure}(Object(Laravel\Lumen\Application))
#7 /Users/mac/Documents/Code/PHP/dingo/vendor/dingo/api/src/Auth/Auth.php(216): call_user_func(Object(Closure), Object(Laravel\Lumen\Application))
#8 /Users/mac/Documents/Code/PHP/dingo/bootstrap/app.php(111): Dingo\Api\Auth\Auth->extend('oauth', Object(Closure))
#9 /Users/mac/Documents/Code/PHP/dingo/public/index.php(14): require('/Users/mac/Docu...')
#10 {main} {"exception":"[object] (ReflectionException(code: -1): Class Tymon\\JWTAuth\\JWTAuth does not exist at /Users/mac/Documents/Code/PHP/dingo/vendor/illuminate/container/Container.php:788)
[stacktrace]
#0 /Users/mac/Documents/Code/PHP/dingo/vendor/illuminate/container/Container.php(788): ReflectionClass->__construct('Tymon\\\\JWTAuth\\\\J...')
#1 /Users/mac/Documents/Code/PHP/dingo/vendor/illuminate/container/Container.php(667): Illuminate\\Container\\Container->build('Tymon\\\\JWTAuth\\\\J...')
#2 /Users/mac/Documents/Code/PHP/dingo/vendor/illuminate/container/Container.php(615): Illuminate\\Container\\Container->resolve('Tymon\\\\JWTAuth\\\\J...', Array)
#3 /Users/mac/Documents/Code/PHP/dingo/vendor/laravel/lumen-framework/src/Application.php(267): Illuminate\\Container\\Container->make('Tymon\\\\JWTAuth\\\\J...', Array)
#4 /Users/mac/Documents/Code/PHP/dingo/vendor/illuminate/container/Container.php(1227): Laravel\\Lumen\\Application->make('Tymon\\\\JWTAuth\\\\J...')
#5 /Users/mac/Documents/Code/PHP/dingo/bootstrap/app.php(110): Illuminate\\Container\\Container->offsetGet('Tymon\\\\JWTAuth\\\\J...')
#6 [internal function]: {closure}(Object(Laravel\\Lumen\\Application))
#7 /Users/mac/Documents/Code/PHP/dingo/vendor/dingo/api/src/Auth/Auth.php(216): call_user_func(Object(Closure), Object(Laravel\\Lumen\\Application))
#8 /Users/mac/Documents/Code/PHP/dingo/bootstrap/app.php(111): Dingo\\Api\\Auth\\Auth->extend('oauth', Object(Closure))
#9 /Users/mac/Documents/Code/PHP/dingo/public/index.php(14): require('/Users/mac/Docu...')
#10 {main}
"} 
[2020-08-24 02:47:17] local.ERROR: ReflectionException: Class Tymon\JWTAuth\JWTAuth does not exist in /Users/mac/Documents/Code/PHP/dingo/vendor/illuminate/container/Container.php:788
Stack trace:
#0 /Users/mac/Documents/Code/PHP/dingo/vendor/illuminate/container/Container.php(788): ReflectionClass->__construct('Tymon\\JWTAuth\\J...')
#1 /Users/mac/Documents/Code/PHP/dingo/vendor/illuminate/container/Container.php(667): Illuminate\Container\Container->build('Tymon\\JWTAuth\\J...')
#2 /Users/mac/Documents/Code/PHP/dingo/vendor/illuminate/container/Container.php(615): Illuminate\Container\Container->resolve('Tymon\\JWTAuth\\J...', Array)
#3 /Users/mac/Documents/Code/PHP/dingo/vendor/laravel/lumen-framework/src/Application.php(267): Illuminate\Container\Container->make('Tymon\\JWTAuth\\J...', Array)
#4 /Users/mac/Documents/Code/PHP/dingo/vendor/illuminate/container/Container.php(1227): Laravel\Lumen\Application->make('Tymon\\JWTAuth\\J...')
#5 /Users/mac/Documents/Code/PHP/dingo/bootstrap/app.php(110): Illuminate\Container\Container->offsetGet('Tymon\\JWTAuth\\J...')
#6 [internal function]: {closure}(Object(Laravel\Lumen\Application))
#7 /Users/mac/Documents/Code/PHP/dingo/vendor/dingo/api/src/Auth/Auth.php(216): call_user_func(Object(Closure), Object(Laravel\Lumen\Application))
#8 /Users/mac/Documents/Code/PHP/dingo/bootstrap/app.php(111): Dingo\Api\Auth\Auth->extend('oauth', Object(Closure))
#9 /Users/mac/Documents/Code/PHP/dingo/public/index.php(14): require('/Users/mac/Docu...')
#10 {main} {"exception":"[object] (ReflectionException(code: -1): Class Tymon\\JWTAuth\\JWTAuth does not exist at /Users/mac/Documents/Code/PHP/dingo/vendor/illuminate/container/Container.php:788)
[stacktrace]
#0 /Users/mac/Documents/Code/PHP/dingo/vendor/illuminate/container/Container.php(788): ReflectionClass->__construct('Tymon\\\\JWTAuth\\\\J...')
#1 /Users/mac/Documents/Code/PHP/dingo/vendor/illuminate/container/Container.php(667): Illuminate\\Container\\Container->build('Tymon\\\\JWTAuth\\\\J...')
#2 /Users/mac/Documents/Code/PHP/dingo/vendor/illuminate/container/Container.php(615): Illuminate\\Container\\Container->resolve('Tymon\\\\JWTAuth\\\\J...', Array)
#3 /Users/mac/Documents/Code/PHP/dingo/vendor/laravel/lumen-framework/src/Application.php(267): Illuminate\\Container\\Container->make('Tymon\\\\JWTAuth\\\\J...', Array)
#4 /Users/mac/Documents/Code/PHP/dingo/vendor/illuminate/container/Container.php(1227): Laravel\\Lumen\\Application->make('Tymon\\\\JWTAuth\\\\J...')
#5 /Users/mac/Documents/Code/PHP/dingo/bootstrap/app.php(110): Illuminate\\Container\\Container->offsetGet('Tymon\\\\JWTAuth\\\\J...')
#6 [internal function]: {closure}(Object(Laravel\\Lumen\\Application))
#7 /Users/mac/Documents/Code/PHP/dingo/vendor/dingo/api/src/Auth/Auth.php(216): call_user_func(Object(Closure), Object(Laravel\\Lumen\\Application))
#8 /Users/mac/Documents/Code/PHP/dingo/bootstrap/app.php(111): Dingo\\Api\\Auth\\Auth->extend('oauth', Object(Closure))
#9 /Users/mac/Documents/Code/PHP/dingo/public/index.php(14): require('/Users/mac/Docu...')
#10 {main}
"} 
[2020-08-24 02:47:17] local.ERROR: ReflectionException: Class Tymon\JWTAuth\JWTAuth does not exist in /Users/mac/Documents/Code/PHP/dingo/vendor/illuminate/container/Container.php:788
Stack trace:
#0 /Users/mac/Documents/Code/PHP/dingo/vendor/illuminate/container/Container.php(788): ReflectionClass->__construct('Tymon\\JWTAuth\\J...')
#1 /Users/mac/Documents/Code/PHP/dingo/vendor/illuminate/container/Container.php(667): Illuminate\Container\Container->build('Tymon\\JWTAuth\\J...')
#2 /Users/mac/Documents/Code/PHP/dingo/vendor/illuminate/container/Container.php(615): Illuminate\Container\Container->resolve('Tymon\\JWTAuth\\J...', Array)
#3 /Users/mac/Documents/Code/PHP/dingo/vendor/laravel/lumen-framework/src/Application.php(267): Illuminate\Container\Container->make('Tymon\\JWTAuth\\J...', Array)
#4 /Users/mac/Documents/Code/PHP/dingo/vendor/illuminate/container/Container.php(1227): Laravel\Lumen\Application->make('Tymon\\JWTAuth\\J...')
#5 /Users/mac/Documents/Code/PHP/dingo/bootstrap/app.php(110): Illuminate\Container\Container->offsetGet('Tymon\\JWTAuth\\J...')
#6 [internal function]: {closure}(Object(Laravel\Lumen\Application))
#7 /Users/mac/Documents/Code/PHP/dingo/vendor/dingo/api/src/Auth/Auth.php(216): call_user_func(Object(Closure), Object(Laravel\Lumen\Application))
#8 /Users/mac/Documents/Code/PHP/dingo/bootstrap/app.php(111): Dingo\Api\Auth\Auth->extend('oauth', Object(Closure))
#9 /Users/mac/Documents/Code/PHP/dingo/public/index.php(14): require('/Users/mac/Docu...')
#10 {main} {"exception":"[object] (ReflectionException(code: -1): Class Tymon\\JWTAuth\\JWTAuth does not exist at /Users/mac/Documents/Code/PHP/dingo/vendor/illuminate/container/Container.php:788)
[stacktrace]
#0 /Users/mac/Documents/Code/PHP/dingo/vendor/illuminate/container/Container.php(788): ReflectionClass->__construct('Tymon\\\\JWTAuth\\\\J...')
#1 /Users/mac/Documents/Code/PHP/dingo/vendor/illuminate/container/Container.php(667): Illuminate\\Container\\Container->build('Tymon\\\\JWTAuth\\\\J...')
#2 /Users/mac/Documents/Code/PHP/dingo/vendor/illuminate/container/Container.php(615): Illuminate\\Container\\Container->resolve('Tymon\\\\JWTAuth\\\\J...', Array)
#3 /Users/mac/Documents/Code/PHP/dingo/vendor/laravel/lumen-framework/src/Application.php(267): Illuminate\\Container\\Container->make('Tymon\\\\JWTAuth\\\\J...', Array)
#4 /Users/mac/Documents/Code/PHP/dingo/vendor/illuminate/container/Container.php(1227): Laravel\\Lumen\\Application->make('Tymon\\\\JWTAuth\\\\J...')
#5 /Users/mac/Documents/Code/PHP/dingo/bootstrap/app.php(110): Illuminate\\Container\\Container->offsetGet('Tymon\\\\JWTAuth\\\\J...')
#6 [internal function]: {closure}(Object(Laravel\\Lumen\\Application))
#7 /Users/mac/Documents/Code/PHP/dingo/vendor/dingo/api/src/Auth/Auth.php(216): call_user_func(Object(Closure), Object(Laravel\\Lumen\\Application))
#8 /Users/mac/Documents/Code/PHP/dingo/bootstrap/app.php(111): Dingo\\Api\\Auth\\Auth->extend('oauth', Object(Closure))
#9 /Users/mac/Documents/Code/PHP/dingo/public/index.php(14): require('/Users/mac/Docu...')
#10 {main}
"} 
[2020-08-24 02:47:17] local.ERROR: ReflectionException: Class Tymon\JWTAuth\JWTAuth does not exist in /Users/mac/Documents/Code/PHP/dingo/vendor/illuminate/container/Container.php:788
Stack trace:
#0 /Users/mac/Documents/Code/PHP/dingo/vendor/illuminate/container/Container.php(788): ReflectionClass->__construct('Tymon\\JWTAuth\\J...')
#1 /Users/mac/Documents/Code/PHP/dingo/vendor/illuminate/container/Container.php(667): Illuminate\Container\Container->build('Tymon\\JWTAuth\\J...')
#2 /Users/mac/Documents/Code/PHP/dingo/vendor/illuminate/container/Container.php(615): Illuminate\Container\Container->resolve('Tymon\\JWTAuth\\J...', Array)
#3 /Users/mac/Documents/Code/PHP/dingo/vendor/laravel/lumen-framework/src/Application.php(267): Illuminate\Container\Container->make('Tymon\\JWTAuth\\J...', Array)
#4 /Users/mac/Documents/Code/PHP/dingo/vendor/illuminate/container/Container.php(1227): Laravel\Lumen\Application->make('Tymon\\JWTAuth\\J...')
#5 /Users/mac/Documents/Code/PHP/dingo/bootstrap/app.php(110): Illuminate\Container\Container->offsetGet('Tymon\\JWTAuth\\J...')
#6 [internal function]: {closure}(Object(Laravel\Lumen\Application))
#7 /Users/mac/Documents/Code/PHP/dingo/vendor/dingo/api/src/Auth/Auth.php(216): call_user_func(Object(Closure), Object(Laravel\Lumen\Application))
#8 /Users/mac/Documents/Code/PHP/dingo/bootstrap/app.php(111): Dingo\Api\Auth\Auth->extend('oauth', Object(Closure))
#9 /Users/mac/Documents/Code/PHP/dingo/public/index.php(14): require('/Users/mac/Docu...')
#10 {main} {"exception":"[object] (ReflectionException(code: -1): Class Tymon\\JWTAuth\\JWTAuth does not exist at /Users/mac/Documents/Code/PHP/dingo/vendor/illuminate/container/Container.php:788)
[stacktrace]
#0 /Users/mac/Documents/Code/PHP/dingo/vendor/illuminate/container/Container.php(788): ReflectionClass->__construct('Tymon\\\\JWTAuth\\\\J...')
#1 /Users/mac/Documents/Code/PHP/dingo/vendor/illuminate/container/Container.php(667): Illuminate\\Container\\Container->build('Tymon\\\\JWTAuth\\\\J...')
#2 /Users/mac/Documents/Code/PHP/dingo/vendor/illuminate/container/Container.php(615): Illuminate\\Container\\Container->resolve('Tymon\\\\JWTAuth\\\\J...', Array)
#3 /Users/mac/Documents/Code/PHP/dingo/vendor/laravel/lumen-framework/src/Application.php(267): Illuminate\\Container\\Container->make('Tymon\\\\JWTAuth\\\\J...', Array)
#4 /Users/mac/Documents/Code/PHP/dingo/vendor/illuminate/container/Container.php(1227): Laravel\\Lumen\\Application->make('Tymon\\\\JWTAuth\\\\J...')
#5 /Users/mac/Documents/Code/PHP/dingo/bootstrap/app.php(110): Illuminate\\Container\\Container->offsetGet('Tymon\\\\JWTAuth\\\\J...')
#6 [internal function]: {closure}(Object(Laravel\\Lumen\\Application))
#7 /Users/mac/Documents/Code/PHP/dingo/vendor/dingo/api/src/Auth/Auth.php(216): call_user_func(Object(Closure), Object(Laravel\\Lumen\\Application))
#8 /Users/mac/Documents/Code/PHP/dingo/bootstrap/app.php(111): Dingo\\Api\\Auth\\Auth->extend('oauth', Object(Closure))
#9 /Users/mac/Documents/Code/PHP/dingo/public/index.php(14): require('/Users/mac/Docu...')
#10 {main}
"} 
[2020-08-24 02:47:17] local.ERROR: ReflectionException: Class Tymon\JWTAuth\JWTAuth does not exist in /Users/mac/Documents/Code/PHP/dingo/vendor/illuminate/container/Container.php:788
Stack trace:
#0 /Users/mac/Documents/Code/PHP/dingo/vendor/illuminate/container/Container.php(788): ReflectionClass->__construct('Tymon\\JWTAuth\\J...')
#1 /Users/mac/Documents/Code/PHP/dingo/vendor/illuminate/container/Container.php(667): Illuminate\Container\Container->build('Tymon\\JWTAuth\\J...')
#2 /Users/mac/Documents/Code/PHP/dingo/vendor/illuminate/container/Container.php(615): Illuminate\Container\Container->resolve('Tymon\\JWTAuth\\J...', Array)
#3 /Users/mac/Documents/Code/PHP/dingo/vendor/laravel/lumen-framework/src/Application.php(267): Illuminate\Container\Container->make('Tymon\\JWTAuth\\J...', Array)
#4 /Users/mac/Documents/Code/PHP/dingo/vendor/illuminate/container/Container.php(1227): Laravel\Lumen\Application->make('Tymon\\JWTAuth\\J...')
#5 /Users/mac/Documents/Code/PHP/dingo/bootstrap/app.php(110): Illuminate\Container\Container->offsetGet('Tymon\\JWTAuth\\J...')
#6 [internal function]: {closure}(Object(Laravel\Lumen\Application))
#7 /Users/mac/Documents/Code/PHP/dingo/vendor/dingo/api/src/Auth/Auth.php(216): call_user_func(Object(Closure), Object(Laravel\Lumen\Application))
#8 /Users/mac/Documents/Code/PHP/dingo/bootstrap/app.php(111): Dingo\Api\Auth\Auth->extend('oauth', Object(Closure))
#9 /Users/mac/Documents/Code/PHP/dingo/public/index.php(14): require('/Users/mac/Docu...')
#10 {main} {"exception":"[object] (ReflectionException(code: -1): Class Tymon\\JWTAuth\\JWTAuth does not exist at /Users/mac/Documents/Code/PHP/dingo/vendor/illuminate/container/Container.php:788)
[stacktrace]
#0 /Users/mac/Documents/Code/PHP/dingo/vendor/illuminate/container/Container.php(788): ReflectionClass->__construct('Tymon\\\\JWTAuth\\\\J...')
#1 /Users/mac/Documents/Code/PHP/dingo/vendor/illuminate/container/Container.php(667): Illuminate\\Container\\Container->build('Tymon\\\\JWTAuth\\\\J...')
#2 /Users/mac/Documents/Code/PHP/dingo/vendor/illuminate/container/Container.php(615): Illuminate\\Container\\Container->resolve('Tymon\\\\JWTAuth\\\\J...', Array)
#3 /Users/mac/Documents/Code/PHP/dingo/vendor/laravel/lumen-framework/src/Application.php(267): Illuminate\\Container\\Container->make('Tymon\\\\JWTAuth\\\\J...', Array)
#4 /Users/mac/Documents/Code/PHP/dingo/vendor/illuminate/container/Container.php(1227): Laravel\\Lumen\\Application->make('Tymon\\\\JWTAuth\\\\J...')
#5 /Users/mac/Documents/Code/PHP/dingo/bootstrap/app.php(110): Illuminate\\Container\\Container->offsetGet('Tymon\\\\JWTAuth\\\\J...')
#6 [internal function]: {closure}(Object(Laravel\\Lumen\\Application))
#7 /Users/mac/Documents/Code/PHP/dingo/vendor/dingo/api/src/Auth/Auth.php(216): call_user_func(Object(Closure), Object(Laravel\\Lumen\\Application))
#8 /Users/mac/Documents/Code/PHP/dingo/bootstrap/app.php(111): Dingo\\Api\\Auth\\Auth->extend('oauth', Object(Closure))
#9 /Users/mac/Documents/Code/PHP/dingo/public/index.php(14): require('/Users/mac/Docu...')
#10 {main}
"} 
[2020-08-24 02:47:18] local.ERROR: ReflectionException: Class Tymon\JWTAuth\JWTAuth does not exist in /Users/mac/Documents/Code/PHP/dingo/vendor/illuminate/container/Container.php:788
Stack trace:
#0 /Users/mac/Documents/Code/PHP/dingo/vendor/illuminate/container/Container.php(788): ReflectionClass->__construct('Tymon\\JWTAuth\\J...')
#1 /Users/mac/Documents/Code/PHP/dingo/vendor/illuminate/container/Container.php(667): Illuminate\Container\Container->build('Tymon\\JWTAuth\\J...')
#2 /Users/mac/Documents/Code/PHP/dingo/vendor/illuminate/container/Container.php(615): Illuminate\Container\Container->resolve('Tymon\\JWTAuth\\J...', Array)
#3 /Users/mac/Documents/Code/PHP/dingo/vendor/laravel/lumen-framework/src/Application.php(267): Illuminate\Container\Container->make('Tymon\\JWTAuth\\J...', Array)
#4 /Users/mac/Documents/Code/PHP/dingo/vendor/illuminate/container/Container.php(1227): Laravel\Lumen\Application->make('Tymon\\JWTAuth\\J...')
#5 /Users/mac/Documents/Code/PHP/dingo/bootstrap/app.php(110): Illuminate\Container\Container->offsetGet('Tymon\\JWTAuth\\J...')
#6 [internal function]: {closure}(Object(Laravel\Lumen\Application))
#7 /Users/mac/Documents/Code/PHP/dingo/vendor/dingo/api/src/Auth/Auth.php(216): call_user_func(Object(Closure), Object(Laravel\Lumen\Application))
#8 /Users/mac/Documents/Code/PHP/dingo/bootstrap/app.php(111): Dingo\Api\Auth\Auth->extend('oauth', Object(Closure))
#9 /Users/mac/Documents/Code/PHP/dingo/public/index.php(14): require('/Users/mac/Docu...')
#10 {main} {"exception":"[object] (ReflectionException(code: -1): Class Tymon\\JWTAuth\\JWTAuth does not exist at /Users/mac/Documents/Code/PHP/dingo/vendor/illuminate/container/Container.php:788)
[stacktrace]
#0 /Users/mac/Documents/Code/PHP/dingo/vendor/illuminate/container/Container.php(788): ReflectionClass->__construct('Tymon\\\\JWTAuth\\\\J...')
#1 /Users/mac/Documents/Code/PHP/dingo/vendor/illuminate/container/Container.php(667): Illuminate\\Container\\Container->build('Tymon\\\\JWTAuth\\\\J...')
#2 /Users/mac/Documents/Code/PHP/dingo/vendor/illuminate/container/Container.php(615): Illuminate\\Container\\Container->resolve('Tymon\\\\JWTAuth\\\\J...', Array)
#3 /Users/mac/Documents/Code/PHP/dingo/vendor/laravel/lumen-framework/src/Application.php(267): Illuminate\\Container\\Container->make('Tymon\\\\JWTAuth\\\\J...', Array)
#4 /Users/mac/Documents/Code/PHP/dingo/vendor/illuminate/container/Container.php(1227): Laravel\\Lumen\\Application->make('Tymon\\\\JWTAuth\\\\J...')
#5 /Users/mac/Documents/Code/PHP/dingo/bootstrap/app.php(110): Illuminate\\Container\\Container->offsetGet('Tymon\\\\JWTAuth\\\\J...')
#6 [internal function]: {closure}(Object(Laravel\\Lumen\\Application))
#7 /Users/mac/Documents/Code/PHP/dingo/vendor/dingo/api/src/Auth/Auth.php(216): call_user_func(Object(Closure), Object(Laravel\\Lumen\\Application))
#8 /Users/mac/Documents/Code/PHP/dingo/bootstrap/app.php(111): Dingo\\Api\\Auth\\Auth->extend('oauth', Object(Closure))
#9 /Users/mac/Documents/Code/PHP/dingo/public/index.php(14): require('/Users/mac/Docu...')
#10 {main}
"} 
